The system is: Linux - 3.4.7-1.fc16.x86_64 - x86_64
Compiling the C compiler identification source file "CMakeCCompilerId.c" succeeded.
Compiler: /usr/bin/cc 
Build flags: 
Id flags: 

The output was:
0


Compilation of the C compiler identification source "CMakeCCompilerId.c" produced "a.out"

The C compiler identification is GNU, found in "/home/mhadjham/MyMean/CMakeFiles/2.8.10.2/CompilerIdC/a.out"

Compiling the CXX compiler identification source file "CMakeCXXCompilerId.cpp" succeeded.
Compiler: /usr/bin/c++ 
Build flags: 
Id flags: 

The output was:
0


Compilation of the CXX compiler identification source "CMakeCXXCompilerId.cpp" produced "a.out"

The CXX compiler identification is GNU, found in "/home/mhadjham/MyMean/CMakeFiles/2.8.10.2/CompilerIdCXX/a.out"

Determining if the C compiler works passed with the following output:
Change Dir: /home/mhadjham/MyMean/CMakeFiles/CMakeTmp

Run Build Command:/usr/bin/gmake "cmTryCompileExec3878545947/fast"
/usr/bin/gmake -f CMakeFiles/cmTryCompileExec3878545947.dir/build.make CMakeFiles/cmTryCompileExec3878545947.dir/build
gmake[1]: Entering directory `/home/mhadjham/MyMean/CMakeFiles/CMakeTmp'
/usr/bin/cmake -E cmake_progress_report /home/mhadjham/MyMean/CMakeFiles/CMakeTmp/CMakeFiles 1
Building C object CMakeFiles/cmTryCompileExec3878545947.dir/testCCompiler.c.o
/usr/bin/cc    -o CMakeFiles/cmTryCompileExec3878545947.dir/testCCompiler.c.o   -c /home/mhadjham/MyMean/CMakeFiles/CMakeTmp/testCCompiler.c
Linking C executable cmTryCompileExec3878545947
/usr/bin/cmake -E cmake_link_script CMakeFiles/cmTryCompileExec3878545947.dir/link.txt --verbose=1
/usr/bin/cc         CMakeFiles/cmTryCompileExec3878545947.dir/testCCompiler.c.o  -o cmTryCompileExec3878545947 -rdynamic 
gmake[1]: Leaving directory `/home/mhadjham/MyMean/CMakeFiles/CMakeTmp'


Detecting C compiler ABI info compiled with the following output:
Change Dir: /home/mhadjham/MyMean/CMakeFiles/CMakeTmp

Run Build Command:/usr/bin/gmake "cmTryCompileExec627133886/fast"
/usr/bin/gmake -f CMakeFiles/cmTryCompileExec627133886.dir/build.make CMakeFiles/cmTryCompileExec627133886.dir/build
gmake[1]: Entering directory `/home/mhadjham/MyMean/CMakeFiles/CMakeTmp'
/usr/bin/cmake -E cmake_progress_report /home/mhadjham/MyMean/CMakeFiles/CMakeTmp/CMakeFiles 1
Building C object CMakeFiles/cmTryCompileExec627133886.dir/CMakeCCompilerABI.c.o
/usr/bin/cc    -o CMakeFiles/cmTryCompileExec627133886.dir/CMakeCCompilerABI.c.o   -c /usr/share/cmake/Modules/CMakeCCompilerABI.c
Linking C executable cmTryCompileExec627133886
/usr/bin/cmake -E cmake_link_script CMakeFiles/cmTryCompileExec627133886.dir/link.txt --verbose=1
/usr/bin/cc       -v CMakeFiles/cmTryCompileExec627133886.dir/CMakeCCompilerABI.c.o  -o cmTryCompileExec627133886 -rdynamic  
Using built-in specs.
COLLECT_GCC=/usr/bin/cc
COLLECT_LTO_WRAPPER=/usr/libexec/gcc/x86_64-redhat-linux/4.6.3/lto-wrapper
Target: x86_64-redhat-linux
Configured with: ../configure --prefix=/usr --mandir=/usr/share/man --infodir=/usr/share/info --with-bugurl=http://bugzilla.redhat.com/bugzilla --enable-bootstrap --enable-shared --enable-threads=posix --enable-checking=release --with-system-zlib --enable-__cxa_atexit --disable-libunwind-exceptions --enable-gnu-unique-object --enable-linker-build-id --enable-languages=c,c++,objc,obj-c++,java,fortran,ada,go,lto --enable-plugin --enable-java-awt=gtk --disable-dssi --with-java-home=/usr/lib/jvm/java-1.5.0-gcj-1.5.0.0/jre --enable-libgcj-multifile --enable-java-maintainer-mode --with-ecj-jar=/usr/share/java/eclipse-ecj.jar --disable-libjava-multilib --with-ppl --with-cloog --with-tune=generic --with-arch_32=i686 --build=x86_64-redhat-linux
Thread model: posix
gcc version 4.6.3 20120306 (Red Hat 4.6.3-2) (GCC) 
COMPILER_PATH=/usr/libexec/gcc/x86_64-redhat-linux/4.6.3/:/usr/libexec/gcc/x86_64-redhat-linux/4.6.3/:/usr/libexec/gcc/x86_64-redhat-linux/:/usr/lib/gcc/x86_64-redhat-linux/4.6.3/:/usr/lib/gcc/x86_64-redhat-linux/
LIBRARY_PATH=/usr/lib/gcc/x86_64-redhat-linux/4.6.3/:/usr/lib/gcc/x86_64-redhat-linux/4.6.3/../../../../lib64/:/lib/../lib64/:/usr/lib/../lib64/:/usr/lib/gcc/x86_64-redhat-linux/4.6.3/../../../:/lib/:/usr/lib/
COLLECT_GCC_OPTIONS='-v' '-o' 'cmTryCompileExec627133886' '-rdynamic' '-mtune=generic' '-march=x86-64'
 /usr/libexec/gcc/x86_64-redhat-linux/4.6.3/collect2 --build-id --no-add-needed --eh-frame-hdr -m elf_x86_64 --hash-style=gnu -export-dynamic -dynamic-linker /lib64/ld-linux-x86-64.so.2 -o cmTryCompileExec627133886 /usr/lib/gcc/x86_64-redhat-linux/4.6.3/../../../../lib64/crt1.o /usr/lib/gcc/x86_64-redhat-linux/4.6.3/../../../../lib64/crti.o /usr/lib/gcc/x86_64-redhat-linux/4.6.3/crtbegin.o -L/usr/lib/gcc/x86_64-redhat-linux/4.6.3 -L/usr/lib/gcc/x86_64-redhat-linux/4.6.3/../../../../lib64 -L/lib/../lib64 -L/usr/lib/../lib64 -L/usr/lib/gcc/x86_64-redhat-linux/4.6.3/../../.. CMakeFiles/cmTryCompileExec627133886.dir/CMakeCCompilerABI.c.o -lgcc --as-needed -lgcc_s --no-as-needed -lc -lgcc --as-needed -lgcc_s --no-as-needed /usr/lib/gcc/x86_64-redhat-linux/4.6.3/crtend.o /usr/lib/gcc/x86_64-redhat-linux/4.6.3/../../../../lib64/crtn.o
gmake[1]: Leaving directory `/home/mhadjham/MyMean/CMakeFiles/CMakeTmp'


Parsed C implicit link information from above output:
  link line regex: [^( *|.*[/\])(ld|ld|collect2)[^/\]*( |$)]
  ignore line: [Change Dir: /home/mhadjham/MyMean/CMakeFiles/CMakeTmp]
  ignore line: []
  ignore line: [Run Build Command:/usr/bin/gmake "cmTryCompileExec627133886/fast"]
  ignore line: [/usr/bin/gmake -f CMakeFiles/cmTryCompileExec627133886.dir/build.make CMakeFiles/cmTryCompileExec627133886.dir/build]
  ignore line: [gmake[1]: Entering directory `/home/mhadjham/MyMean/CMakeFiles/CMakeTmp']
  ignore line: [/usr/bin/cmake -E cmake_progress_report /home/mhadjham/MyMean/CMakeFiles/CMakeTmp/CMakeFiles 1]
  ignore line: [Building C object CMakeFiles/cmTryCompileExec627133886.dir/CMakeCCompilerABI.c.o]
  ignore line: [/usr/bin/cc    -o CMakeFiles/cmTryCompileExec627133886.dir/CMakeCCompilerABI.c.o   -c /usr/share/cmake/Modules/CMakeCCompilerABI.c]
  ignore line: [Linking C executable cmTryCompileExec627133886]
  ignore line: [/usr/bin/cmake -E cmake_link_script CMakeFiles/cmTryCompileExec627133886.dir/link.txt --verbose=1]
  ignore line: [/usr/bin/cc       -v CMakeFiles/cmTryCompileExec627133886.dir/CMakeCCompilerABI.c.o  -o cmTryCompileExec627133886 -rdynamic  ]
  ignore line: [Using built-in specs.]
  ignore line: [COLLECT_GCC=/usr/bin/cc]
  ignore line: [COLLECT_LTO_WRAPPER=/usr/libexec/gcc/x86_64-redhat-linux/4.6.3/lto-wrapper]
  ignore line: [Target: x86_64-redhat-linux]
  ignore line: [Configured with: ../configure --prefix=/usr --mandir=/usr/share/man --infodir=/usr/share/info --with-bugurl=http://bugzilla.redhat.com/bugzilla --enable-bootstrap --enable-shared --enable-threads=posix --enable-checking=release --with-system-zlib --enable-__cxa_atexit --disable-libunwind-exceptions --enable-gnu-unique-object --enable-linker-build-id --enable-languages=c,c++,objc,obj-c++,java,fortran,ada,go,lto --enable-plugin --enable-java-awt=gtk --disable-dssi --with-java-home=/usr/lib/jvm/java-1.5.0-gcj-1.5.0.0/jre --enable-libgcj-multifile --enable-java-maintainer-mode --with-ecj-jar=/usr/share/java/eclipse-ecj.jar --disable-libjava-multilib --with-ppl --with-cloog --with-tune=generic --with-arch_32=i686 --build=x86_64-redhat-linux]
  ignore line: [Thread model: posix]
  ignore line: [gcc version 4.6.3 20120306 (Red Hat 4.6.3-2) (GCC) ]
  ignore line: [COMPILER_PATH=/usr/libexec/gcc/x86_64-redhat-linux/4.6.3/:/usr/libexec/gcc/x86_64-redhat-linux/4.6.3/:/usr/libexec/gcc/x86_64-redhat-linux/:/usr/lib/gcc/x86_64-redhat-linux/4.6.3/:/usr/lib/gcc/x86_64-redhat-linux/]
  ignore line: [LIBRARY_PATH=/usr/lib/gcc/x86_64-redhat-linux/4.6.3/:/usr/lib/gcc/x86_64-redhat-linux/4.6.3/../../../../lib64/:/lib/../lib64/:/usr/lib/../lib64/:/usr/lib/gcc/x86_64-redhat-linux/4.6.3/../../../:/lib/:/usr/lib/]
  ignore line: [COLLECT_GCC_OPTIONS='-v' '-o' 'cmTryCompileExec627133886' '-rdynamic' '-mtune=generic' '-march=x86-64']
  link line: [ /usr/libexec/gcc/x86_64-redhat-linux/4.6.3/collect2 --build-id --no-add-needed --eh-frame-hdr -m elf_x86_64 --hash-style=gnu -export-dynamic -dynamic-linker /lib64/ld-linux-x86-64.so.2 -o cmTryCompileExec627133886 /usr/lib/gcc/x86_64-redhat-linux/4.6.3/../../../../lib64/crt1.o /usr/lib/gcc/x86_64-redhat-linux/4.6.3/../../../../lib64/crti.o /usr/lib/gcc/x86_64-redhat-linux/4.6.3/crtbegin.o -L/usr/lib/gcc/x86_64-redhat-linux/4.6.3 -L/usr/lib/gcc/x86_64-redhat-linux/4.6.3/../../../../lib64 -L/lib/../lib64 -L/usr/lib/../lib64 -L/usr/lib/gcc/x86_64-redhat-linux/4.6.3/../../.. CMakeFiles/cmTryCompileExec627133886.dir/CMakeCCompilerABI.c.o -lgcc --as-needed -lgcc_s --no-as-needed -lc -lgcc --as-needed -lgcc_s --no-as-needed /usr/lib/gcc/x86_64-redhat-linux/4.6.3/crtend.o /usr/lib/gcc/x86_64-redhat-linux/4.6.3/../../../../lib64/crtn.o]
    arg [/usr/libexec/gcc/x86_64-redhat-linux/4.6.3/collect2] ==> ignore
    arg [--build-id] ==> ignore
    arg [--no-add-needed] ==> ignore
    arg [--eh-frame-hdr] ==> ignore
    arg [-m] ==> ignore
    arg [elf_x86_64] ==> ignore
    arg [--hash-style=gnu] ==> ignore
    arg [-export-dynamic] ==> ignore
    arg [-dynamic-linker] ==> ignore
    arg [/lib64/ld-linux-x86-64.so.2] ==> ignore
    arg [-o] ==> ignore
    arg [cmTryCompileExec627133886] ==> ignore
    arg [/usr/lib/gcc/x86_64-redhat-linux/4.6.3/../../../../lib64/crt1.o] ==> ignore
    arg [/usr/lib/gcc/x86_64-redhat-linux/4.6.3/../../../../lib64/crti.o] ==> ignore
    arg [/usr/lib/gcc/x86_64-redhat-linux/4.6.3/crtbegin.o] ==> ignore
    arg [-L/usr/lib/gcc/x86_64-redhat-linux/4.6.3] ==> dir [/usr/lib/gcc/x86_64-redhat-linux/4.6.3]
    arg [-L/usr/lib/gcc/x86_64-redhat-linux/4.6.3/../../../../lib64] ==> dir [/usr/lib/gcc/x86_64-redhat-linux/4.6.3/../../../../lib64]
    arg [-L/lib/../lib64] ==> dir [/lib/../lib64]
    arg [-L/usr/lib/../lib64] ==> dir [/usr/lib/../lib64]
    arg [-L/usr/lib/gcc/x86_64-redhat-linux/4.6.3/../../..] ==> dir [/usr/lib/gcc/x86_64-redhat-linux/4.6.3/../../..]
    arg [CMakeFiles/cmTryCompileExec627133886.dir/CMakeCCompilerABI.c.o] ==> ignore
    arg [-lgcc] ==> lib [gcc]
    arg [--as-needed] ==> ignore
    arg [-lgcc_s] ==> lib [gcc_s]
    arg [--no-as-needed] ==> ignore
    arg [-lc] ==> lib [c]
    arg [-lgcc] ==> lib [gcc]
    arg [--as-needed] ==> ignore
    arg [-lgcc_s] ==> lib [gcc_s]
    arg [--no-as-needed] ==> ignore
    arg [/usr/lib/gcc/x86_64-redhat-linux/4.6.3/crtend.o] ==> ignore
    arg [/usr/lib/gcc/x86_64-redhat-linux/4.6.3/../../../../lib64/crtn.o] ==> ignore
  remove lib [gcc]
  remove lib [gcc_s]
  remove lib [gcc]
  remove lib [gcc_s]
  collapse dir [/usr/lib/gcc/x86_64-redhat-linux/4.6.3] ==> [/usr/lib/gcc/x86_64-redhat-linux/4.6.3]
  collapse dir [/usr/lib/gcc/x86_64-redhat-linux/4.6.3/../../../../lib64] ==> [/usr/lib64]
  collapse dir [/lib/../lib64] ==> [/lib64]
  collapse dir [/usr/lib/../lib64] ==> [/usr/lib64]
  collapse dir [/usr/lib/gcc/x86_64-redhat-linux/4.6.3/../../..] ==> [/usr/lib]
  implicit libs: [c]
  implicit dirs: [/usr/lib/gcc/x86_64-redhat-linux/4.6.3;/usr/lib64;/lib64;/usr/lib]


Determining if the CXX compiler works passed with the following output:
Change Dir: /home/mhadjham/MyMean/CMakeFiles/CMakeTmp

Run Build Command:/usr/bin/gmake "cmTryCompileExec2432369151/fast"
/usr/bin/gmake -f CMakeFiles/cmTryCompileExec2432369151.dir/build.make CMakeFiles/cmTryCompileExec2432369151.dir/build
gmake[1]: Entering directory `/home/mhadjham/MyMean/CMakeFiles/CMakeTmp'
/usr/bin/cmake -E cmake_progress_report /home/mhadjham/MyMean/CMakeFiles/CMakeTmp/CMakeFiles 1
Building CXX object CMakeFiles/cmTryCompileExec2432369151.dir/testCXXCompiler.cxx.o
/usr/bin/c++     -o CMakeFiles/cmTryCompileExec2432369151.dir/testCXXCompiler.cxx.o -c /home/mhadjham/MyMean/CMakeFiles/CMakeTmp/testCXXCompiler.cxx
Linking CXX executable cmTryCompileExec2432369151
/usr/bin/cmake -E cmake_link_script CMakeFiles/cmTryCompileExec2432369151.dir/link.txt --verbose=1
/usr/bin/c++          CMakeFiles/cmTryCompileExec2432369151.dir/testCXXCompiler.cxx.o  -o cmTryCompileExec2432369151 -rdynamic 
gmake[1]: Leaving directory `/home/mhadjham/MyMean/CMakeFiles/CMakeTmp'


Detecting CXX compiler ABI info compiled with the following output:
Change Dir: /home/mhadjham/MyMean/CMakeFiles/CMakeTmp

Run Build Command:/usr/bin/gmake "cmTryCompileExec378093572/fast"
/usr/bin/gmake -f CMakeFiles/cmTryCompileExec378093572.dir/build.make CMakeFiles/cmTryCompileExec378093572.dir/build
gmake[1]: Entering directory `/home/mhadjham/MyMean/CMakeFiles/CMakeTmp'
/usr/bin/cmake -E cmake_progress_report /home/mhadjham/MyMean/CMakeFiles/CMakeTmp/CMakeFiles 1
Building CXX object CMakeFiles/cmTryCompileExec378093572.dir/CMakeCXXCompilerABI.cpp.o
/usr/bin/c++     -o CMakeFiles/cmTryCompileExec378093572.dir/CMakeCXXCompilerABI.cpp.o -c /usr/share/cmake/Modules/CMakeCXXCompilerABI.cpp
Linking CXX executable cmTryCompileExec378093572
/usr/bin/cmake -E cmake_link_script CMakeFiles/cmTryCompileExec378093572.dir/link.txt --verbose=1
/usr/bin/c++        -v CMakeFiles/cmTryCompileExec378093572.dir/CMakeCXXCompilerABI.cpp.o  -o cmTryCompileExec378093572 -rdynamic  
Using built-in specs.
COLLECT_GCC=/usr/bin/c++
COLLECT_LTO_WRAPPER=/usr/libexec/gcc/x86_64-redhat-linux/4.6.3/lto-wrapper
Target: x86_64-redhat-linux
Configured with: ../configure --prefix=/usr --mandir=/usr/share/man --infodir=/usr/share/info --with-bugurl=http://bugzilla.redhat.com/bugzilla --enable-bootstrap --enable-shared --enable-threads=posix --enable-checking=release --with-system-zlib --enable-__cxa_atexit --disable-libunwind-exceptions --enable-gnu-unique-object --enable-linker-build-id --enable-languages=c,c++,objc,obj-c++,java,fortran,ada,go,lto --enable-plugin --enable-java-awt=gtk --disable-dssi --with-java-home=/usr/lib/jvm/java-1.5.0-gcj-1.5.0.0/jre --enable-libgcj-multifile --enable-java-maintainer-mode --with-ecj-jar=/usr/share/java/eclipse-ecj.jar --disable-libjava-multilib --with-ppl --with-cloog --with-tune=generic --with-arch_32=i686 --build=x86_64-redhat-linux
Thread model: posix
gcc version 4.6.3 20120306 (Red Hat 4.6.3-2) (GCC) 
COMPILER_PATH=/usr/libexec/gcc/x86_64-redhat-linux/4.6.3/:/usr/libexec/gcc/x86_64-redhat-linux/4.6.3/:/usr/libexec/gcc/x86_64-redhat-linux/:/usr/lib/gcc/x86_64-redhat-linux/4.6.3/:/usr/lib/gcc/x86_64-redhat-linux/
LIBRARY_PATH=/usr/lib/gcc/x86_64-redhat-linux/4.6.3/:/usr/lib/gcc/x86_64-redhat-linux/4.6.3/../../../../lib64/:/lib/../lib64/:/usr/lib/../lib64/:/usr/lib/gcc/x86_64-redhat-linux/4.6.3/../../../:/lib/:/usr/lib/
COLLECT_GCC_OPTIONS='-v' '-o' 'cmTryCompileExec378093572' '-rdynamic' '-shared-libgcc' '-mtune=generic' '-march=x86-64'
 /usr/libexec/gcc/x86_64-redhat-linux/4.6.3/collect2 --build-id --no-add-needed --eh-frame-hdr -m elf_x86_64 --hash-style=gnu -export-dynamic -dynamic-linker /lib64/ld-linux-x86-64.so.2 -o cmTryCompileExec378093572 /usr/lib/gcc/x86_64-redhat-linux/4.6.3/../../../../lib64/crt1.o /usr/lib/gcc/x86_64-redhat-linux/4.6.3/../../../../lib64/crti.o /usr/lib/gcc/x86_64-redhat-linux/4.6.3/crtbegin.o -L/usr/lib/gcc/x86_64-redhat-linux/4.6.3 -L/usr/lib/gcc/x86_64-redhat-linux/4.6.3/../../../../lib64 -L/lib/../lib64 -L/usr/lib/../lib64 -L/usr/lib/gcc/x86_64-redhat-linux/4.6.3/../../.. CMakeFiles/cmTryCompileExec378093572.dir/CMakeCXXCompilerABI.cpp.o -lstdc++ -lm -lgcc_s -lgcc -lc -lgcc_s -lgcc /usr/lib/gcc/x86_64-redhat-linux/4.6.3/crtend.o /usr/lib/gcc/x86_64-redhat-linux/4.6.3/../../../../lib64/crtn.o
gmake[1]: Leaving directory `/home/mhadjham/MyMean/CMakeFiles/CMakeTmp'


Parsed CXX implicit link information from above output:
  link line regex: [^( *|.*[/\])(ld|ld|collect2)[^/\]*( |$)]
  ignore line: [Change Dir: /home/mhadjham/MyMean/CMakeFiles/CMakeTmp]
  ignore line: []
  ignore line: [Run Build Command:/usr/bin/gmake "cmTryCompileExec378093572/fast"]
  ignore line: [/usr/bin/gmake -f CMakeFiles/cmTryCompileExec378093572.dir/build.make CMakeFiles/cmTryCompileExec378093572.dir/build]
  ignore line: [gmake[1]: Entering directory `/home/mhadjham/MyMean/CMakeFiles/CMakeTmp']
  ignore line: [/usr/bin/cmake -E cmake_progress_report /home/mhadjham/MyMean/CMakeFiles/CMakeTmp/CMakeFiles 1]
  ignore line: [Building CXX object CMakeFiles/cmTryCompileExec378093572.dir/CMakeCXXCompilerABI.cpp.o]
  ignore line: [/usr/bin/c++     -o CMakeFiles/cmTryCompileExec378093572.dir/CMakeCXXCompilerABI.cpp.o -c /usr/share/cmake/Modules/CMakeCXXCompilerABI.cpp]
  ignore line: [Linking CXX executable cmTryCompileExec378093572]
  ignore line: [/usr/bin/cmake -E cmake_link_script CMakeFiles/cmTryCompileExec378093572.dir/link.txt --verbose=1]
  ignore line: [/usr/bin/c++        -v CMakeFiles/cmTryCompileExec378093572.dir/CMakeCXXCompilerABI.cpp.o  -o cmTryCompileExec378093572 -rdynamic  ]
  ignore line: [Using built-in specs.]
  ignore line: [COLLECT_GCC=/usr/bin/c++]
  ignore line: [COLLECT_LTO_WRAPPER=/usr/libexec/gcc/x86_64-redhat-linux/4.6.3/lto-wrapper]
  ignore line: [Target: x86_64-redhat-linux]
  ignore line: [Configured with: ../configure --prefix=/usr --mandir=/usr/share/man --infodir=/usr/share/info --with-bugurl=http://bugzilla.redhat.com/bugzilla --enable-bootstrap --enable-shared --enable-threads=posix --enable-checking=release --with-system-zlib --enable-__cxa_atexit --disable-libunwind-exceptions --enable-gnu-unique-object --enable-linker-build-id --enable-languages=c,c++,objc,obj-c++,java,fortran,ada,go,lto --enable-plugin --enable-java-awt=gtk --disable-dssi --with-java-home=/usr/lib/jvm/java-1.5.0-gcj-1.5.0.0/jre --enable-libgcj-multifile --enable-java-maintainer-mode --with-ecj-jar=/usr/share/java/eclipse-ecj.jar --disable-libjava-multilib --with-ppl --with-cloog --with-tune=generic --with-arch_32=i686 --build=x86_64-redhat-linux]
  ignore line: [Thread model: posix]
  ignore line: [gcc version 4.6.3 20120306 (Red Hat 4.6.3-2) (GCC) ]
  ignore line: [COMPILER_PATH=/usr/libexec/gcc/x86_64-redhat-linux/4.6.3/:/usr/libexec/gcc/x86_64-redhat-linux/4.6.3/:/usr/libexec/gcc/x86_64-redhat-linux/:/usr/lib/gcc/x86_64-redhat-linux/4.6.3/:/usr/lib/gcc/x86_64-redhat-linux/]
  ignore line: [LIBRARY_PATH=/usr/lib/gcc/x86_64-redhat-linux/4.6.3/:/usr/lib/gcc/x86_64-redhat-linux/4.6.3/../../../../lib64/:/lib/../lib64/:/usr/lib/../lib64/:/usr/lib/gcc/x86_64-redhat-linux/4.6.3/../../../:/lib/:/usr/lib/]
  ignore line: [COLLECT_GCC_OPTIONS='-v' '-o' 'cmTryCompileExec378093572' '-rdynamic' '-shared-libgcc' '-mtune=generic' '-march=x86-64']
  link line: [ /usr/libexec/gcc/x86_64-redhat-linux/4.6.3/collect2 --build-id --no-add-needed --eh-frame-hdr -m elf_x86_64 --hash-style=gnu -export-dynamic -dynamic-linker /lib64/ld-linux-x86-64.so.2 -o cmTryCompileExec378093572 /usr/lib/gcc/x86_64-redhat-linux/4.6.3/../../../../lib64/crt1.o /usr/lib/gcc/x86_64-redhat-linux/4.6.3/../../../../lib64/crti.o /usr/lib/gcc/x86_64-redhat-linux/4.6.3/crtbegin.o -L/usr/lib/gcc/x86_64-redhat-linux/4.6.3 -L/usr/lib/gcc/x86_64-redhat-linux/4.6.3/../../../../lib64 -L/lib/../lib64 -L/usr/lib/../lib64 -L/usr/lib/gcc/x86_64-redhat-linux/4.6.3/../../.. CMakeFiles/cmTryCompileExec378093572.dir/CMakeCXXCompilerABI.cpp.o -lstdc++ -lm -lgcc_s -lgcc -lc -lgcc_s -lgcc /usr/lib/gcc/x86_64-redhat-linux/4.6.3/crtend.o /usr/lib/gcc/x86_64-redhat-linux/4.6.3/../../../../lib64/crtn.o]
    arg [/usr/libexec/gcc/x86_64-redhat-linux/4.6.3/collect2] ==> ignore
    arg [--build-id] ==> ignore
    arg [--no-add-needed] ==> ignore
    arg [--eh-frame-hdr] ==> ignore
    arg [-m] ==> ignore
    arg [elf_x86_64] ==> ignore
    arg [--hash-style=gnu] ==> ignore
    arg [-export-dynamic] ==> ignore
    arg [-dynamic-linker] ==> ignore
    arg [/lib64/ld-linux-x86-64.so.2] ==> ignore
    arg [-o] ==> ignore
    arg [cmTryCompileExec378093572] ==> ignore
    arg [/usr/lib/gcc/x86_64-redhat-linux/4.6.3/../../../../lib64/crt1.o] ==> ignore
    arg [/usr/lib/gcc/x86_64-redhat-linux/4.6.3/../../../../lib64/crti.o] ==> ignore
    arg [/usr/lib/gcc/x86_64-redhat-linux/4.6.3/crtbegin.o] ==> ignore
    arg [-L/usr/lib/gcc/x86_64-redhat-linux/4.6.3] ==> dir [/usr/lib/gcc/x86_64-redhat-linux/4.6.3]
    arg [-L/usr/lib/gcc/x86_64-redhat-linux/4.6.3/../../../../lib64] ==> dir [/usr/lib/gcc/x86_64-redhat-linux/4.6.3/../../../../lib64]
    arg [-L/lib/../lib64] ==> dir [/lib/../lib64]
    arg [-L/usr/lib/../lib64] ==> dir [/usr/lib/../lib64]
    arg [-L/usr/lib/gcc/x86_64-redhat-linux/4.6.3/../../..] ==> dir [/usr/lib/gcc/x86_64-redhat-linux/4.6.3/../../..]
    arg [CMakeFiles/cmTryCompileExec378093572.dir/CMakeCXXCompilerABI.cpp.o] ==> ignore
    arg [-lstdc++] ==> lib [stdc++]
    arg [-lm] ==> lib [m]
    arg [-lgcc_s] ==> lib [gcc_s]
    arg [-lgcc] ==> lib [gcc]
    arg [-lc] ==> lib [c]
    arg [-lgcc_s] ==> lib [gcc_s]
    arg [-lgcc] ==> lib [gcc]
    arg [/usr/lib/gcc/x86_64-redhat-linux/4.6.3/crtend.o] ==> ignore
    arg [/usr/lib/gcc/x86_64-redhat-linux/4.6.3/../../../../lib64/crtn.o] ==> ignore
  remove lib [gcc_s]
  remove lib [gcc]
  remove lib [gcc_s]
  remove lib [gcc]
  collapse dir [/usr/lib/gcc/x86_64-redhat-linux/4.6.3] ==> [/usr/lib/gcc/x86_64-redhat-linux/4.6.3]
  collapse dir [/usr/lib/gcc/x86_64-redhat-linux/4.6.3/../../../../lib64] ==> [/usr/lib64]
  collapse dir [/lib/../lib64] ==> [/lib64]
  collapse dir [/usr/lib/../lib64] ==> [/usr/lib64]
  collapse dir [/usr/lib/gcc/x86_64-redhat-linux/4.6.3/../../..] ==> [/usr/lib]
  implicit libs: [stdc++;m;c]
  implicit dirs: [/usr/lib/gcc/x86_64-redhat-linux/4.6.3;/usr/lib64;/lib64;/usr/lib]


The system is: Linux - 3.4.7-1.fc16.x86_64 - x86_64
Compiling the C compiler identification source file "CMakeCCompilerId.c" succeeded.
Compiler: /usr/bin/cc 
Build flags: 
Id flags: 

The output was:
0


Compilation of the C compiler identification source "CMakeCCompilerId.c" produced "a.out"

The C compiler identification is GNU, found in "/home/mhadjham/MyMean/CMakeFiles/2.8.12.2/CompilerIdC/a.out"

Compiling the CXX compiler identification source file "CMakeCXXCompilerId.cpp" succeeded.
Compiler: /usr/bin/c++ 
Build flags: 
Id flags: 

The output was:
0


Compilation of the CXX compiler identification source "CMakeCXXCompilerId.cpp" produced "a.out"

The CXX compiler identification is GNU, found in "/home/mhadjham/MyMean/CMakeFiles/2.8.12.2/CompilerIdCXX/a.out"

Determining if the C compiler works passed with the following output:
Change Dir: /home/mhadjham/MyMean/CMakeFiles/CMakeTmp

Run Build Command:/usr/bin/gmake "cmTryCompileExec1939818851/fast"
gmake[1]: Entering directory `/home/mhadjham/MyMean/CMakeFiles/CMakeTmp'
/usr/bin/gmake -f CMakeFiles/cmTryCompileExec1939818851.dir/build.make CMakeFiles/cmTryCompileExec1939818851.dir/build
gmake[2]: Entering directory `/home/mhadjham/MyMean/CMakeFiles/CMakeTmp'
/usr/bin/cmake -E cmake_progress_report /home/mhadjham/MyMean/CMakeFiles/CMakeTmp/CMakeFiles 1
Building C object CMakeFiles/cmTryCompileExec1939818851.dir/testCCompiler.c.o
/usr/bin/cc    -o CMakeFiles/cmTryCompileExec1939818851.dir/testCCompiler.c.o   -c /home/mhadjham/MyMean/CMakeFiles/CMakeTmp/testCCompiler.c
Linking C executable cmTryCompileExec1939818851
/usr/bin/cmake -E cmake_link_script CMakeFiles/cmTryCompileExec1939818851.dir/link.txt --verbose=1
/usr/bin/cc       CMakeFiles/cmTryCompileExec1939818851.dir/testCCompiler.c.o  -o cmTryCompileExec1939818851 -rdynamic 
gmake[2]: Leaving directory `/home/mhadjham/MyMean/CMakeFiles/CMakeTmp'
gmake[1]: Leaving directory `/home/mhadjham/MyMean/CMakeFiles/CMakeTmp'


Detecting C compiler ABI info compiled with the following output:
Change Dir: /home/mhadjham/MyMean/CMakeFiles/CMakeTmp

Run Build Command:/usr/bin/gmake "cmTryCompileExec1957412208/fast"
gmake[1]: Entering directory `/home/mhadjham/MyMean/CMakeFiles/CMakeTmp'
/usr/bin/gmake -f CMakeFiles/cmTryCompileExec1957412208.dir/build.make CMakeFiles/cmTryCompileExec1957412208.dir/build
gmake[2]: Entering directory `/home/mhadjham/MyMean/CMakeFiles/CMakeTmp'
/usr/bin/cmake -E cmake_progress_report /home/mhadjham/MyMean/CMakeFiles/CMakeTmp/CMakeFiles 1
Building C object CMakeFiles/cmTryCompileExec1957412208.dir/CMakeCCompilerABI.c.o
/usr/bin/cc    -o CMakeFiles/cmTryCompileExec1957412208.dir/CMakeCCompilerABI.c.o   -c /usr/share/cmake/Modules/CMakeCCompilerABI.c
Linking C executable cmTryCompileExec1957412208
/usr/bin/cmake -E cmake_link_script CMakeFiles/cmTryCompileExec1957412208.dir/link.txt --verbose=1
/usr/bin/cc     -v CMakeFiles/cmTryCompileExec1957412208.dir/CMakeCCompilerABI.c.o  -o cmTryCompileExec1957412208 -rdynamic  
Using built-in specs.
COLLECT_GCC=/usr/bin/cc
COLLECT_LTO_WRAPPER=/usr/libexec/gcc/x86_64-redhat-linux/4.6.3/lto-wrapper
Target: x86_64-redhat-linux
Configured with: ../configure --prefix=/usr --mandir=/usr/share/man --infodir=/usr/share/info --with-bugurl=http://bugzilla.redhat.com/bugzilla --enable-bootstrap --enable-shared --enable-threads=posix --enable-checking=release --with-system-zlib --enable-__cxa_atexit --disable-libunwind-exceptions --enable-gnu-unique-object --enable-linker-build-id --enable-languages=c,c++,objc,obj-c++,java,fortran,ada,go,lto --enable-plugin --enable-java-awt=gtk --disable-dssi --with-java-home=/usr/lib/jvm/java-1.5.0-gcj-1.5.0.0/jre --enable-libgcj-multifile --enable-java-maintainer-mode --with-ecj-jar=/usr/share/java/eclipse-ecj.jar --disable-libjava-multilib --with-ppl --with-cloog --with-tune=generic --with-arch_32=i686 --build=x86_64-redhat-linux
Thread model: posix
gcc version 4.6.3 20120306 (Red Hat 4.6.3-2) (GCC) 
COMPILER_PATH=/usr/libexec/gcc/x86_64-redhat-linux/4.6.3/:/usr/libexec/gcc/x86_64-redhat-linux/4.6.3/:/usr/libexec/gcc/x86_64-redhat-linux/:/usr/lib/gcc/x86_64-redhat-linux/4.6.3/:/usr/lib/gcc/x86_64-redhat-linux/
LIBRARY_PATH=/usr/lib/gcc/x86_64-redhat-linux/4.6.3/:/usr/lib/gcc/x86_64-redhat-linux/4.6.3/../../../../lib64/:/lib/../lib64/:/usr/lib/../lib64/:/usr/lib/gcc/x86_64-redhat-linux/4.6.3/../../../:/lib/:/usr/lib/
COLLECT_GCC_OPTIONS='-v' '-o' 'cmTryCompileExec1957412208' '-rdynamic' '-mtune=generic' '-march=x86-64'
 /usr/libexec/gcc/x86_64-redhat-linux/4.6.3/collect2 --build-id --no-add-needed --eh-frame-hdr -m elf_x86_64 --hash-style=gnu -export-dynamic -dynamic-linker /lib64/ld-linux-x86-64.so.2 -o cmTryCompileExec1957412208 /usr/lib/gcc/x86_64-redhat-linux/4.6.3/../../../../lib64/crt1.o /usr/lib/gcc/x86_64-redhat-linux/4.6.3/../../../../lib64/crti.o /usr/lib/gcc/x86_64-redhat-linux/4.6.3/crtbegin.o -L/usr/lib/gcc/x86_64-redhat-linux/4.6.3 -L/usr/lib/gcc/x86_64-redhat-linux/4.6.3/../../../../lib64 -L/lib/../lib64 -L/usr/lib/../lib64 -L/usr/lib/gcc/x86_64-redhat-linux/4.6.3/../../.. CMakeFiles/cmTryCompileExec1957412208.dir/CMakeCCompilerABI.c.o -lgcc --as-needed -lgcc_s --no-as-needed -lc -lgcc --as-needed -lgcc_s --no-as-needed /usr/lib/gcc/x86_64-redhat-linux/4.6.3/crtend.o /usr/lib/gcc/x86_64-redhat-linux/4.6.3/../../../../lib64/crtn.o
gmake[2]: Leaving directory `/home/mhadjham/MyMean/CMakeFiles/CMakeTmp'
gmake[1]: Leaving directory `/home/mhadjham/MyMean/CMakeFiles/CMakeTmp'


Parsed C implicit link information from above output:
  link line regex: [^( *|.*[/\])(ld|([^/\]+-)?ld|collect2)[^/\]*( |$)]
  ignore line: [Change Dir: /home/mhadjham/MyMean/CMakeFiles/CMakeTmp]
  ignore line: []
  ignore line: [Run Build Command:/usr/bin/gmake "cmTryCompileExec1957412208/fast"]
  ignore line: [gmake[1]: Entering directory `/home/mhadjham/MyMean/CMakeFiles/CMakeTmp']
  ignore line: [/usr/bin/gmake -f CMakeFiles/cmTryCompileExec1957412208.dir/build.make CMakeFiles/cmTryCompileExec1957412208.dir/build]
  ignore line: [gmake[2]: Entering directory `/home/mhadjham/MyMean/CMakeFiles/CMakeTmp']
  ignore line: [/usr/bin/cmake -E cmake_progress_report /home/mhadjham/MyMean/CMakeFiles/CMakeTmp/CMakeFiles 1]
  ignore line: [Building C object CMakeFiles/cmTryCompileExec1957412208.dir/CMakeCCompilerABI.c.o]
  ignore line: [/usr/bin/cc    -o CMakeFiles/cmTryCompileExec1957412208.dir/CMakeCCompilerABI.c.o   -c /usr/share/cmake/Modules/CMakeCCompilerABI.c]
  ignore line: [Linking C executable cmTryCompileExec1957412208]
  ignore line: [/usr/bin/cmake -E cmake_link_script CMakeFiles/cmTryCompileExec1957412208.dir/link.txt --verbose=1]
  ignore line: [/usr/bin/cc     -v CMakeFiles/cmTryCompileExec1957412208.dir/CMakeCCompilerABI.c.o  -o cmTryCompileExec1957412208 -rdynamic  ]
  ignore line: [Using built-in specs.]
  ignore line: [COLLECT_GCC=/usr/bin/cc]
  ignore line: [COLLECT_LTO_WRAPPER=/usr/libexec/gcc/x86_64-redhat-linux/4.6.3/lto-wrapper]
  ignore line: [Target: x86_64-redhat-linux]
  ignore line: [Configured with: ../configure --prefix=/usr --mandir=/usr/share/man --infodir=/usr/share/info --with-bugurl=http://bugzilla.redhat.com/bugzilla --enable-bootstrap --enable-shared --enable-threads=posix --enable-checking=release --with-system-zlib --enable-__cxa_atexit --disable-libunwind-exceptions --enable-gnu-unique-object --enable-linker-build-id --enable-languages=c,c++,objc,obj-c++,java,fortran,ada,go,lto --enable-plugin --enable-java-awt=gtk --disable-dssi --with-java-home=/usr/lib/jvm/java-1.5.0-gcj-1.5.0.0/jre --enable-libgcj-multifile --enable-java-maintainer-mode --with-ecj-jar=/usr/share/java/eclipse-ecj.jar --disable-libjava-multilib --with-ppl --with-cloog --with-tune=generic --with-arch_32=i686 --build=x86_64-redhat-linux]
  ignore line: [Thread model: posix]
  ignore line: [gcc version 4.6.3 20120306 (Red Hat 4.6.3-2) (GCC) ]
  ignore line: [COMPILER_PATH=/usr/libexec/gcc/x86_64-redhat-linux/4.6.3/:/usr/libexec/gcc/x86_64-redhat-linux/4.6.3/:/usr/libexec/gcc/x86_64-redhat-linux/:/usr/lib/gcc/x86_64-redhat-linux/4.6.3/:/usr/lib/gcc/x86_64-redhat-linux/]
  ignore line: [LIBRARY_PATH=/usr/lib/gcc/x86_64-redhat-linux/4.6.3/:/usr/lib/gcc/x86_64-redhat-linux/4.6.3/../../../../lib64/:/lib/../lib64/:/usr/lib/../lib64/:/usr/lib/gcc/x86_64-redhat-linux/4.6.3/../../../:/lib/:/usr/lib/]
  ignore line: [COLLECT_GCC_OPTIONS='-v' '-o' 'cmTryCompileExec1957412208' '-rdynamic' '-mtune=generic' '-march=x86-64']
  link line: [ /usr/libexec/gcc/x86_64-redhat-linux/4.6.3/collect2 --build-id --no-add-needed --eh-frame-hdr -m elf_x86_64 --hash-style=gnu -export-dynamic -dynamic-linker /lib64/ld-linux-x86-64.so.2 -o cmTryCompileExec1957412208 /usr/lib/gcc/x86_64-redhat-linux/4.6.3/../../../../lib64/crt1.o /usr/lib/gcc/x86_64-redhat-linux/4.6.3/../../../../lib64/crti.o /usr/lib/gcc/x86_64-redhat-linux/4.6.3/crtbegin.o -L/usr/lib/gcc/x86_64-redhat-linux/4.6.3 -L/usr/lib/gcc/x86_64-redhat-linux/4.6.3/../../../../lib64 -L/lib/../lib64 -L/usr/lib/../lib64 -L/usr/lib/gcc/x86_64-redhat-linux/4.6.3/../../.. CMakeFiles/cmTryCompileExec1957412208.dir/CMakeCCompilerABI.c.o -lgcc --as-needed -lgcc_s --no-as-needed -lc -lgcc --as-needed -lgcc_s --no-as-needed /usr/lib/gcc/x86_64-redhat-linux/4.6.3/crtend.o /usr/lib/gcc/x86_64-redhat-linux/4.6.3/../../../../lib64/crtn.o]
    arg [/usr/libexec/gcc/x86_64-redhat-linux/4.6.3/collect2] ==> ignore
    arg [--build-id] ==> ignore
    arg [--no-add-needed] ==> ignore
    arg [--eh-frame-hdr] ==> ignore
    arg [-m] ==> ignore
    arg [elf_x86_64] ==> ignore
    arg [--hash-style=gnu] ==> ignore
    arg [-export-dynamic] ==> ignore
    arg [-dynamic-linker] ==> ignore
    arg [/lib64/ld-linux-x86-64.so.2] ==> ignore
    arg [-o] ==> ignore
    arg [cmTryCompileExec1957412208] ==> ignore
    arg [/usr/lib/gcc/x86_64-redhat-linux/4.6.3/../../../../lib64/crt1.o] ==> ignore
    arg [/usr/lib/gcc/x86_64-redhat-linux/4.6.3/../../../../lib64/crti.o] ==> ignore
    arg [/usr/lib/gcc/x86_64-redhat-linux/4.6.3/crtbegin.o] ==> ignore
    arg [-L/usr/lib/gcc/x86_64-redhat-linux/4.6.3] ==> dir [/usr/lib/gcc/x86_64-redhat-linux/4.6.3]
    arg [-L/usr/lib/gcc/x86_64-redhat-linux/4.6.3/../../../../lib64] ==> dir [/usr/lib/gcc/x86_64-redhat-linux/4.6.3/../../../../lib64]
    arg [-L/lib/../lib64] ==> dir [/lib/../lib64]
    arg [-L/usr/lib/../lib64] ==> dir [/usr/lib/../lib64]
    arg [-L/usr/lib/gcc/x86_64-redhat-linux/4.6.3/../../..] ==> dir [/usr/lib/gcc/x86_64-redhat-linux/4.6.3/../../..]
    arg [CMakeFiles/cmTryCompileExec1957412208.dir/CMakeCCompilerABI.c.o] ==> ignore
    arg [-lgcc] ==> lib [gcc]
    arg [--as-needed] ==> ignore
    arg [-lgcc_s] ==> lib [gcc_s]
    arg [--no-as-needed] ==> ignore
    arg [-lc] ==> lib [c]
    arg [-lgcc] ==> lib [gcc]
    arg [--as-needed] ==> ignore
    arg [-lgcc_s] ==> lib [gcc_s]
    arg [--no-as-needed] ==> ignore
    arg [/usr/lib/gcc/x86_64-redhat-linux/4.6.3/crtend.o] ==> ignore
    arg [/usr/lib/gcc/x86_64-redhat-linux/4.6.3/../../../../lib64/crtn.o] ==> ignore
  remove lib [gcc]
  remove lib [gcc_s]
  remove lib [gcc]
  remove lib [gcc_s]
  collapse library dir [/usr/lib/gcc/x86_64-redhat-linux/4.6.3] ==> [/usr/lib/gcc/x86_64-redhat-linux/4.6.3]
  collapse library dir [/usr/lib/gcc/x86_64-redhat-linux/4.6.3/../../../../lib64] ==> [/usr/lib64]
  collapse library dir [/lib/../lib64] ==> [/lib64]
  collapse library dir [/usr/lib/../lib64] ==> [/usr/lib64]
  collapse library dir [/usr/lib/gcc/x86_64-redhat-linux/4.6.3/../../..] ==> [/usr/lib]
  implicit libs: [c]
  implicit dirs: [/usr/lib/gcc/x86_64-redhat-linux/4.6.3;/usr/lib64;/lib64;/usr/lib]
  implicit fwks: []


Determining if the CXX compiler works passed with the following output:
Change Dir: /home/mhadjham/MyMean/CMakeFiles/CMakeTmp

Run Build Command:/usr/bin/gmake "cmTryCompileExec1513787694/fast"
gmake[1]: Entering directory `/home/mhadjham/MyMean/CMakeFiles/CMakeTmp'
/usr/bin/gmake -f CMakeFiles/cmTryCompileExec1513787694.dir/build.make CMakeFiles/cmTryCompileExec1513787694.dir/build
gmake[2]: Entering directory `/home/mhadjham/MyMean/CMakeFiles/CMakeTmp'
/usr/bin/cmake -E cmake_progress_report /home/mhadjham/MyMean/CMakeFiles/CMakeTmp/CMakeFiles 1
Building CXX object CMakeFiles/cmTryCompileExec1513787694.dir/testCXXCompiler.cxx.o
/usr/bin/c++     -o CMakeFiles/cmTryCompileExec1513787694.dir/testCXXCompiler.cxx.o -c /home/mhadjham/MyMean/CMakeFiles/CMakeTmp/testCXXCompiler.cxx
Linking CXX executable cmTryCompileExec1513787694
/usr/bin/cmake -E cmake_link_script CMakeFiles/cmTryCompileExec1513787694.dir/link.txt --verbose=1
/usr/bin/c++        CMakeFiles/cmTryCompileExec1513787694.dir/testCXXCompiler.cxx.o  -o cmTryCompileExec1513787694 -rdynamic 
gmake[2]: Leaving directory `/home/mhadjham/MyMean/CMakeFiles/CMakeTmp'
gmake[1]: Leaving directory `/home/mhadjham/MyMean/CMakeFiles/CMakeTmp'


Detecting CXX compiler ABI info compiled with the following output:
Change Dir: /home/mhadjham/MyMean/CMakeFiles/CMakeTmp

Run Build Command:/usr/bin/gmake "cmTryCompileExec1117196058/fast"
gmake[1]: Entering directory `/home/mhadjham/MyMean/CMakeFiles/CMakeTmp'
/usr/bin/gmake -f CMakeFiles/cmTryCompileExec1117196058.dir/build.make CMakeFiles/cmTryCompileExec1117196058.dir/build
gmake[2]: Entering directory `/home/mhadjham/MyMean/CMakeFiles/CMakeTmp'
/usr/bin/cmake -E cmake_progress_report /home/mhadjham/MyMean/CMakeFiles/CMakeTmp/CMakeFiles 1
Building CXX object CMakeFiles/cmTryCompileExec1117196058.dir/CMakeCXXCompilerABI.cpp.o
/usr/bin/c++     -o CMakeFiles/cmTryCompileExec1117196058.dir/CMakeCXXCompilerABI.cpp.o -c /usr/share/cmake/Modules/CMakeCXXCompilerABI.cpp
Linking CXX executable cmTryCompileExec1117196058
/usr/bin/cmake -E cmake_link_script CMakeFiles/cmTryCompileExec1117196058.dir/link.txt --verbose=1
/usr/bin/c++      -v CMakeFiles/cmTryCompileExec1117196058.dir/CMakeCXXCompilerABI.cpp.o  -o cmTryCompileExec1117196058 -rdynamic  
Using built-in specs.
COLLECT_GCC=/usr/bin/c++
COLLECT_LTO_WRAPPER=/usr/libexec/gcc/x86_64-redhat-linux/4.6.3/lto-wrapper
Target: x86_64-redhat-linux
Configured with: ../configure --prefix=/usr --mandir=/usr/share/man --infodir=/usr/share/info --with-bugurl=http://bugzilla.redhat.com/bugzilla --enable-bootstrap --enable-shared --enable-threads=posix --enable-checking=release --with-system-zlib --enable-__cxa_atexit --disable-libunwind-exceptions --enable-gnu-unique-object --enable-linker-build-id --enable-languages=c,c++,objc,obj-c++,java,fortran,ada,go,lto --enable-plugin --enable-java-awt=gtk --disable-dssi --with-java-home=/usr/lib/jvm/java-1.5.0-gcj-1.5.0.0/jre --enable-libgcj-multifile --enable-java-maintainer-mode --with-ecj-jar=/usr/share/java/eclipse-ecj.jar --disable-libjava-multilib --with-ppl --with-cloog --with-tune=generic --with-arch_32=i686 --build=x86_64-redhat-linux
Thread model: posix
gcc version 4.6.3 20120306 (Red Hat 4.6.3-2) (GCC) 
COMPILER_PATH=/usr/libexec/gcc/x86_64-redhat-linux/4.6.3/:/usr/libexec/gcc/x86_64-redhat-linux/4.6.3/:/usr/libexec/gcc/x86_64-redhat-linux/:/usr/lib/gcc/x86_64-redhat-linux/4.6.3/:/usr/lib/gcc/x86_64-redhat-linux/
LIBRARY_PATH=/usr/lib/gcc/x86_64-redhat-linux/4.6.3/:/usr/lib/gcc/x86_64-redhat-linux/4.6.3/../../../../lib64/:/lib/../lib64/:/usr/lib/../lib64/:/usr/lib/gcc/x86_64-redhat-linux/4.6.3/../../../:/lib/:/usr/lib/
COLLECT_GCC_OPTIONS='-v' '-o' 'cmTryCompileExec1117196058' '-rdynamic' '-shared-libgcc' '-mtune=generic' '-march=x86-64'
 /usr/libexec/gcc/x86_64-redhat-linux/4.6.3/collect2 --build-id --no-add-needed --eh-frame-hdr -m elf_x86_64 --hash-style=gnu -export-dynamic -dynamic-linker /lib64/ld-linux-x86-64.so.2 -o cmTryCompileExec1117196058 /usr/lib/gcc/x86_64-redhat-linux/4.6.3/../../../../lib64/crt1.o /usr/lib/gcc/x86_64-redhat-linux/4.6.3/../../../../lib64/crti.o /usr/lib/gcc/x86_64-redhat-linux/4.6.3/crtbegin.o -L/usr/lib/gcc/x86_64-redhat-linux/4.6.3 -L/usr/lib/gcc/x86_64-redhat-linux/4.6.3/../../../../lib64 -L/lib/../lib64 -L/usr/lib/../lib64 -L/usr/lib/gcc/x86_64-redhat-linux/4.6.3/../../.. CMakeFiles/cmTryCompileExec1117196058.dir/CMakeCXXCompilerABI.cpp.o -lstdc++ -lm -lgcc_s -lgcc -lc -lgcc_s -lgcc /usr/lib/gcc/x86_64-redhat-linux/4.6.3/crtend.o /usr/lib/gcc/x86_64-redhat-linux/4.6.3/../../../../lib64/crtn.o
gmake[2]: Leaving directory `/home/mhadjham/MyMean/CMakeFiles/CMakeTmp'
gmake[1]: Leaving directory `/home/mhadjham/MyMean/CMakeFiles/CMakeTmp'


Parsed CXX implicit link information from above output:
  link line regex: [^( *|.*[/\])(ld|([^/\]+-)?ld|collect2)[^/\]*( |$)]
  ignore line: [Change Dir: /home/mhadjham/MyMean/CMakeFiles/CMakeTmp]
  ignore line: []
  ignore line: [Run Build Command:/usr/bin/gmake "cmTryCompileExec1117196058/fast"]
  ignore line: [gmake[1]: Entering directory `/home/mhadjham/MyMean/CMakeFiles/CMakeTmp']
  ignore line: [/usr/bin/gmake -f CMakeFiles/cmTryCompileExec1117196058.dir/build.make CMakeFiles/cmTryCompileExec1117196058.dir/build]
  ignore line: [gmake[2]: Entering directory `/home/mhadjham/MyMean/CMakeFiles/CMakeTmp']
  ignore line: [/usr/bin/cmake -E cmake_progress_report /home/mhadjham/MyMean/CMakeFiles/CMakeTmp/CMakeFiles 1]
  ignore line: [Building CXX object CMakeFiles/cmTryCompileExec1117196058.dir/CMakeCXXCompilerABI.cpp.o]
  ignore line: [/usr/bin/c++     -o CMakeFiles/cmTryCompileExec1117196058.dir/CMakeCXXCompilerABI.cpp.o -c /usr/share/cmake/Modules/CMakeCXXCompilerABI.cpp]
  ignore line: [Linking CXX executable cmTryCompileExec1117196058]
  ignore line: [/usr/bin/cmake -E cmake_link_script CMakeFiles/cmTryCompileExec1117196058.dir/link.txt --verbose=1]
  ignore line: [/usr/bin/c++      -v CMakeFiles/cmTryCompileExec1117196058.dir/CMakeCXXCompilerABI.cpp.o  -o cmTryCompileExec1117196058 -rdynamic  ]
  ignore line: [Using built-in specs.]
  ignore line: [COLLECT_GCC=/usr/bin/c++]
  ignore line: [COLLECT_LTO_WRAPPER=/usr/libexec/gcc/x86_64-redhat-linux/4.6.3/lto-wrapper]
  ignore line: [Target: x86_64-redhat-linux]
  ignore line: [Configured with: ../configure --prefix=/usr --mandir=/usr/share/man --infodir=/usr/share/info --with-bugurl=http://bugzilla.redhat.com/bugzilla --enable-bootstrap --enable-shared --enable-threads=posix --enable-checking=release --with-system-zlib --enable-__cxa_atexit --disable-libunwind-exceptions --enable-gnu-unique-object --enable-linker-build-id --enable-languages=c,c++,objc,obj-c++,java,fortran,ada,go,lto --enable-plugin --enable-java-awt=gtk --disable-dssi --with-java-home=/usr/lib/jvm/java-1.5.0-gcj-1.5.0.0/jre --enable-libgcj-multifile --enable-java-maintainer-mode --with-ecj-jar=/usr/share/java/eclipse-ecj.jar --disable-libjava-multilib --with-ppl --with-cloog --with-tune=generic --with-arch_32=i686 --build=x86_64-redhat-linux]
  ignore line: [Thread model: posix]
  ignore line: [gcc version 4.6.3 20120306 (Red Hat 4.6.3-2) (GCC) ]
  ignore line: [COMPILER_PATH=/usr/libexec/gcc/x86_64-redhat-linux/4.6.3/:/usr/libexec/gcc/x86_64-redhat-linux/4.6.3/:/usr/libexec/gcc/x86_64-redhat-linux/:/usr/lib/gcc/x86_64-redhat-linux/4.6.3/:/usr/lib/gcc/x86_64-redhat-linux/]
  ignore line: [LIBRARY_PATH=/usr/lib/gcc/x86_64-redhat-linux/4.6.3/:/usr/lib/gcc/x86_64-redhat-linux/4.6.3/../../../../lib64/:/lib/../lib64/:/usr/lib/../lib64/:/usr/lib/gcc/x86_64-redhat-linux/4.6.3/../../../:/lib/:/usr/lib/]
  ignore line: [COLLECT_GCC_OPTIONS='-v' '-o' 'cmTryCompileExec1117196058' '-rdynamic' '-shared-libgcc' '-mtune=generic' '-march=x86-64']
  link line: [ /usr/libexec/gcc/x86_64-redhat-linux/4.6.3/collect2 --build-id --no-add-needed --eh-frame-hdr -m elf_x86_64 --hash-style=gnu -export-dynamic -dynamic-linker /lib64/ld-linux-x86-64.so.2 -o cmTryCompileExec1117196058 /usr/lib/gcc/x86_64-redhat-linux/4.6.3/../../../../lib64/crt1.o /usr/lib/gcc/x86_64-redhat-linux/4.6.3/../../../../lib64/crti.o /usr/lib/gcc/x86_64-redhat-linux/4.6.3/crtbegin.o -L/usr/lib/gcc/x86_64-redhat-linux/4.6.3 -L/usr/lib/gcc/x86_64-redhat-linux/4.6.3/../../../../lib64 -L/lib/../lib64 -L/usr/lib/../lib64 -L/usr/lib/gcc/x86_64-redhat-linux/4.6.3/../../.. CMakeFiles/cmTryCompileExec1117196058.dir/CMakeCXXCompilerABI.cpp.o -lstdc++ -lm -lgcc_s -lgcc -lc -lgcc_s -lgcc /usr/lib/gcc/x86_64-redhat-linux/4.6.3/crtend.o /usr/lib/gcc/x86_64-redhat-linux/4.6.3/../../../../lib64/crtn.o]
    arg [/usr/libexec/gcc/x86_64-redhat-linux/4.6.3/collect2] ==> ignore
    arg [--build-id] ==> ignore
    arg [--no-add-needed] ==> ignore
    arg [--eh-frame-hdr] ==> ignore
    arg [-m] ==> ignore
    arg [elf_x86_64] ==> ignore
    arg [--hash-style=gnu] ==> ignore
    arg [-export-dynamic] ==> ignore
    arg [-dynamic-linker] ==> ignore
    arg [/lib64/ld-linux-x86-64.so.2] ==> ignore
    arg [-o] ==> ignore
    arg [cmTryCompileExec1117196058] ==> ignore
    arg [/usr/lib/gcc/x86_64-redhat-linux/4.6.3/../../../../lib64/crt1.o] ==> ignore
    arg [/usr/lib/gcc/x86_64-redhat-linux/4.6.3/../../../../lib64/crti.o] ==> ignore
    arg [/usr/lib/gcc/x86_64-redhat-linux/4.6.3/crtbegin.o] ==> ignore
    arg [-L/usr/lib/gcc/x86_64-redhat-linux/4.6.3] ==> dir [/usr/lib/gcc/x86_64-redhat-linux/4.6.3]
    arg [-L/usr/lib/gcc/x86_64-redhat-linux/4.6.3/../../../../lib64] ==> dir [/usr/lib/gcc/x86_64-redhat-linux/4.6.3/../../../../lib64]
    arg [-L/lib/../lib64] ==> dir [/lib/../lib64]
    arg [-L/usr/lib/../lib64] ==> dir [/usr/lib/../lib64]
    arg [-L/usr/lib/gcc/x86_64-redhat-linux/4.6.3/../../..] ==> dir [/usr/lib/gcc/x86_64-redhat-linux/4.6.3/../../..]
    arg [CMakeFiles/cmTryCompileExec1117196058.dir/CMakeCXXCompilerABI.cpp.o] ==> ignore
    arg [-lstdc++] ==> lib [stdc++]
    arg [-lm] ==> lib [m]
    arg [-lgcc_s] ==> lib [gcc_s]
    arg [-lgcc] ==> lib [gcc]
    arg [-lc] ==> lib [c]
    arg [-lgcc_s] ==> lib [gcc_s]
    arg [-lgcc] ==> lib [gcc]
    arg [/usr/lib/gcc/x86_64-redhat-linux/4.6.3/crtend.o] ==> ignore
    arg [/usr/lib/gcc/x86_64-redhat-linux/4.6.3/../../../../lib64/crtn.o] ==> ignore
  remove lib [gcc_s]
  remove lib [gcc]
  remove lib [gcc_s]
  remove lib [gcc]
  collapse library dir [/usr/lib/gcc/x86_64-redhat-linux/4.6.3] ==> [/usr/lib/gcc/x86_64-redhat-linux/4.6.3]
  collapse library dir [/usr/lib/gcc/x86_64-redhat-linux/4.6.3/../../../../lib64] ==> [/usr/lib64]
  collapse library dir [/lib/../lib64] ==> [/lib64]
  collapse library dir [/usr/lib/../lib64] ==> [/usr/lib64]
  collapse library dir [/usr/lib/gcc/x86_64-redhat-linux/4.6.3/../../..] ==> [/usr/lib]
  implicit libs: [stdc++;m;c]
  implicit dirs: [/usr/lib/gcc/x86_64-redhat-linux/4.6.3;/usr/lib64;/lib64;/usr/lib]
  implicit fwks: []


