The system is: Linux - 3.4.7-1.fc16.x86_64 - x86_64
Compiling the C compiler identification source file "CMakeCCompilerId.c" succeeded.
Compiler: /usr/bin/cc 
Build flags: 
Id flags: 

The output was:
0


Compilation of the C compiler identification source "CMakeCCompilerId.c" produced "a.out"

The C compiler identification is GNU, found in "/home/mhadjham/SVFExp/CMakeFiles/2.8.10.2/CompilerIdC/a.out"

Compiling the CXX compiler identification source file "CMakeCXXCompilerId.cpp" succeeded.
Compiler: /usr/bin/c++ 
Build flags: 
Id flags: 

The output was:
0


Compilation of the CXX compiler identification source "CMakeCXXCompilerId.cpp" produced "a.out"

The CXX compiler identification is GNU, found in "/home/mhadjham/SVFExp/CMakeFiles/2.8.10.2/CompilerIdCXX/a.out"

Determining if the C compiler works passed with the following output:
Change Dir: /home/mhadjham/SVFExp/CMakeFiles/CMakeTmp

Run Build Command:/usr/bin/gmake "cmTryCompileExec890086281/fast"
/usr/bin/gmake -f CMakeFiles/cmTryCompileExec890086281.dir/build.make CMakeFiles/cmTryCompileExec890086281.dir/build
gmake[1]: Entering directory `/home/mhadjham/SVFExp/CMakeFiles/CMakeTmp'
/usr/bin/cmake -E cmake_progress_report /home/mhadjham/SVFExp/CMakeFiles/CMakeTmp/CMakeFiles 1
Building C object CMakeFiles/cmTryCompileExec890086281.dir/testCCompiler.c.o
/usr/bin/cc    -o CMakeFiles/cmTryCompileExec890086281.dir/testCCompiler.c.o   -c /home/mhadjham/SVFExp/CMakeFiles/CMakeTmp/testCCompiler.c
Linking C executable cmTryCompileExec890086281
/usr/bin/cmake -E cmake_link_script CMakeFiles/cmTryCompileExec890086281.dir/link.txt --verbose=1
/usr/bin/cc         CMakeFiles/cmTryCompileExec890086281.dir/testCCompiler.c.o  -o cmTryCompileExec890086281 -rdynamic 
gmake[1]: Leaving directory `/home/mhadjham/SVFExp/CMakeFiles/CMakeTmp'


Detecting C compiler ABI info compiled with the following output:
Change Dir: /home/mhadjham/SVFExp/CMakeFiles/CMakeTmp

Run Build Command:/usr/bin/gmake "cmTryCompileExec3555437779/fast"
/usr/bin/gmake -f CMakeFiles/cmTryCompileExec3555437779.dir/build.make CMakeFiles/cmTryCompileExec3555437779.dir/build
gmake[1]: Entering directory `/home/mhadjham/SVFExp/CMakeFiles/CMakeTmp'
/usr/bin/cmake -E cmake_progress_report /home/mhadjham/SVFExp/CMakeFiles/CMakeTmp/CMakeFiles 1
Building C object CMakeFiles/cmTryCompileExec3555437779.dir/CMakeCCompilerABI.c.o
/usr/bin/cc    -o CMakeFiles/cmTryCompileExec3555437779.dir/CMakeCCompilerABI.c.o   -c /usr/share/cmake/Modules/CMakeCCompilerABI.c
Linking C executable cmTryCompileExec3555437779
/usr/bin/cmake -E cmake_link_script CMakeFiles/cmTryCompileExec3555437779.dir/link.txt --verbose=1
/usr/bin/cc       -v CMakeFiles/cmTryCompileExec3555437779.dir/CMakeCCompilerABI.c.o  -o cmTryCompileExec3555437779 -rdynamic  
Using built-in specs.
COLLECT_GCC=/usr/bin/cc
COLLECT_LTO_WRAPPER=/usr/libexec/gcc/x86_64-redhat-linux/4.6.3/lto-wrapper
Target: x86_64-redhat-linux
Configured with: ../configure --prefix=/usr --mandir=/usr/share/man --infodir=/usr/share/info --with-bugurl=http://bugzilla.redhat.com/bugzilla --enable-bootstrap --enable-shared --enable-threads=posix --enable-checking=release --with-system-zlib --enable-__cxa_atexit --disable-libunwind-exceptions --enable-gnu-unique-object --enable-linker-build-id --enable-languages=c,c++,objc,obj-c++,java,fortran,ada,go,lto --enable-plugin --enable-java-awt=gtk --disable-dssi --with-java-home=/usr/lib/jvm/java-1.5.0-gcj-1.5.0.0/jre --enable-libgcj-multifile --enable-java-maintainer-mode --with-ecj-jar=/usr/share/java/eclipse-ecj.jar --disable-libjava-multilib --with-ppl --with-cloog --with-tune=generic --with-arch_32=i686 --build=x86_64-redhat-linux
Thread model: posix
gcc version 4.6.3 20120306 (Red Hat 4.6.3-2) (GCC) 
COMPILER_PATH=/usr/libexec/gcc/x86_64-redhat-linux/4.6.3/:/usr/libexec/gcc/x86_64-redhat-linux/4.6.3/:/usr/libexec/gcc/x86_64-redhat-linux/:/usr/lib/gcc/x86_64-redhat-linux/4.6.3/:/usr/lib/gcc/x86_64-redhat-linux/
LIBRARY_PATH=/usr/lib/gcc/x86_64-redhat-linux/4.6.3/:/usr/lib/gcc/x86_64-redhat-linux/4.6.3/../../../../lib64/:/lib/../lib64/:/usr/lib/../lib64/:/usr/lib/gcc/x86_64-redhat-linux/4.6.3/../../../:/lib/:/usr/lib/
COLLECT_GCC_OPTIONS='-v' '-o' 'cmTryCompileExec3555437779' '-rdynamic' '-mtune=generic' '-march=x86-64'
 /usr/libexec/gcc/x86_64-redhat-linux/4.6.3/collect2 --build-id --no-add-needed --eh-frame-hdr -m elf_x86_64 --hash-style=gnu -export-dynamic -dynamic-linker /lib64/ld-linux-x86-64.so.2 -o cmTryCompileExec3555437779 /usr/lib/gcc/x86_64-redhat-linux/4.6.3/../../../../lib64/crt1.o /usr/lib/gcc/x86_64-redhat-linux/4.6.3/../../../../lib64/crti.o /usr/lib/gcc/x86_64-redhat-linux/4.6.3/crtbegin.o -L/usr/lib/gcc/x86_64-redhat-linux/4.6.3 -L/usr/lib/gcc/x86_64-redhat-linux/4.6.3/../../../../lib64 -L/lib/../lib64 -L/usr/lib/../lib64 -L/usr/lib/gcc/x86_64-redhat-linux/4.6.3/../../.. CMakeFiles/cmTryCompileExec3555437779.dir/CMakeCCompilerABI.c.o -lgcc --as-needed -lgcc_s --no-as-needed -lc -lgcc --as-needed -lgcc_s --no-as-needed /usr/lib/gcc/x86_64-redhat-linux/4.6.3/crtend.o /usr/lib/gcc/x86_64-redhat-linux/4.6.3/../../../../lib64/crtn.o
gmake[1]: Leaving directory `/home/mhadjham/SVFExp/CMakeFiles/CMakeTmp'


Parsed C implicit link information from above output:
  link line regex: [^( *|.*[/\])(ld|ld|collect2)[^/\]*( |$)]
  ignore line: [Change Dir: /home/mhadjham/SVFExp/CMakeFiles/CMakeTmp]
  ignore line: []
  ignore line: [Run Build Command:/usr/bin/gmake "cmTryCompileExec3555437779/fast"]
  ignore line: [/usr/bin/gmake -f CMakeFiles/cmTryCompileExec3555437779.dir/build.make CMakeFiles/cmTryCompileExec3555437779.dir/build]
  ignore line: [gmake[1]: Entering directory `/home/mhadjham/SVFExp/CMakeFiles/CMakeTmp']
  ignore line: [/usr/bin/cmake -E cmake_progress_report /home/mhadjham/SVFExp/CMakeFiles/CMakeTmp/CMakeFiles 1]
  ignore line: [Building C object CMakeFiles/cmTryCompileExec3555437779.dir/CMakeCCompilerABI.c.o]
  ignore line: [/usr/bin/cc    -o CMakeFiles/cmTryCompileExec3555437779.dir/CMakeCCompilerABI.c.o   -c /usr/share/cmake/Modules/CMakeCCompilerABI.c]
  ignore line: [Linking C executable cmTryCompileExec3555437779]
  ignore line: [/usr/bin/cmake -E cmake_link_script CMakeFiles/cmTryCompileExec3555437779.dir/link.txt --verbose=1]
  ignore line: [/usr/bin/cc       -v CMakeFiles/cmTryCompileExec3555437779.dir/CMakeCCompilerABI.c.o  -o cmTryCompileExec3555437779 -rdynamic  ]
  ignore line: [Using built-in specs.]
  ignore line: [COLLECT_GCC=/usr/bin/cc]
  ignore line: [COLLECT_LTO_WRAPPER=/usr/libexec/gcc/x86_64-redhat-linux/4.6.3/lto-wrapper]
  ignore line: [Target: x86_64-redhat-linux]
  ignore line: [Configured with: ../configure --prefix=/usr --mandir=/usr/share/man --infodir=/usr/share/info --with-bugurl=http://bugzilla.redhat.com/bugzilla --enable-bootstrap --enable-shared --enable-threads=posix --enable-checking=release --with-system-zlib --enable-__cxa_atexit --disable-libunwind-exceptions --enable-gnu-unique-object --enable-linker-build-id --enable-languages=c,c++,objc,obj-c++,java,fortran,ada,go,lto --enable-plugin --enable-java-awt=gtk --disable-dssi --with-java-home=/usr/lib/jvm/java-1.5.0-gcj-1.5.0.0/jre --enable-libgcj-multifile --enable-java-maintainer-mode --with-ecj-jar=/usr/share/java/eclipse-ecj.jar --disable-libjava-multilib --with-ppl --with-cloog --with-tune=generic --with-arch_32=i686 --build=x86_64-redhat-linux]
  ignore line: [Thread model: posix]
  ignore line: [gcc version 4.6.3 20120306 (Red Hat 4.6.3-2) (GCC) ]
  ignore line: [COMPILER_PATH=/usr/libexec/gcc/x86_64-redhat-linux/4.6.3/:/usr/libexec/gcc/x86_64-redhat-linux/4.6.3/:/usr/libexec/gcc/x86_64-redhat-linux/:/usr/lib/gcc/x86_64-redhat-linux/4.6.3/:/usr/lib/gcc/x86_64-redhat-linux/]
  ignore line: [LIBRARY_PATH=/usr/lib/gcc/x86_64-redhat-linux/4.6.3/:/usr/lib/gcc/x86_64-redhat-linux/4.6.3/../../../../lib64/:/lib/../lib64/:/usr/lib/../lib64/:/usr/lib/gcc/x86_64-redhat-linux/4.6.3/../../../:/lib/:/usr/lib/]
  ignore line: [COLLECT_GCC_OPTIONS='-v' '-o' 'cmTryCompileExec3555437779' '-rdynamic' '-mtune=generic' '-march=x86-64']
  link line: [ /usr/libexec/gcc/x86_64-redhat-linux/4.6.3/collect2 --build-id --no-add-needed --eh-frame-hdr -m elf_x86_64 --hash-style=gnu -export-dynamic -dynamic-linker /lib64/ld-linux-x86-64.so.2 -o cmTryCompileExec3555437779 /usr/lib/gcc/x86_64-redhat-linux/4.6.3/../../../../lib64/crt1.o /usr/lib/gcc/x86_64-redhat-linux/4.6.3/../../../../lib64/crti.o /usr/lib/gcc/x86_64-redhat-linux/4.6.3/crtbegin.o -L/usr/lib/gcc/x86_64-redhat-linux/4.6.3 -L/usr/lib/gcc/x86_64-redhat-linux/4.6.3/../../../../lib64 -L/lib/../lib64 -L/usr/lib/../lib64 -L/usr/lib/gcc/x86_64-redhat-linux/4.6.3/../../.. CMakeFiles/cmTryCompileExec3555437779.dir/CMakeCCompilerABI.c.o -lgcc --as-needed -lgcc_s --no-as-needed -lc -lgcc --as-needed -lgcc_s --no-as-needed /usr/lib/gcc/x86_64-redhat-linux/4.6.3/crtend.o /usr/lib/gcc/x86_64-redhat-linux/4.6.3/../../../../lib64/crtn.o]
    arg [/usr/libexec/gcc/x86_64-redhat-linux/4.6.3/collect2] ==> ignore
    arg [--build-id] ==> ignore
    arg [--no-add-needed] ==> ignore
    arg [--eh-frame-hdr] ==> ignore
    arg [-m] ==> ignore
    arg [elf_x86_64] ==> ignore
    arg [--hash-style=gnu] ==> ignore
    arg [-export-dynamic] ==> ignore
    arg [-dynamic-linker] ==> ignore
    arg [/lib64/ld-linux-x86-64.so.2] ==> ignore
    arg [-o] ==> ignore
    arg [cmTryCompileExec3555437779] ==> ignore
    arg [/usr/lib/gcc/x86_64-redhat-linux/4.6.3/../../../../lib64/crt1.o] ==> ignore
    arg [/usr/lib/gcc/x86_64-redhat-linux/4.6.3/../../../../lib64/crti.o] ==> ignore
    arg [/usr/lib/gcc/x86_64-redhat-linux/4.6.3/crtbegin.o] ==> ignore
    arg [-L/usr/lib/gcc/x86_64-redhat-linux/4.6.3] ==> dir [/usr/lib/gcc/x86_64-redhat-linux/4.6.3]
    arg [-L/usr/lib/gcc/x86_64-redhat-linux/4.6.3/../../../../lib64] ==> dir [/usr/lib/gcc/x86_64-redhat-linux/4.6.3/../../../../lib64]
    arg [-L/lib/../lib64] ==> dir [/lib/../lib64]
    arg [-L/usr/lib/../lib64] ==> dir [/usr/lib/../lib64]
    arg [-L/usr/lib/gcc/x86_64-redhat-linux/4.6.3/../../..] ==> dir [/usr/lib/gcc/x86_64-redhat-linux/4.6.3/../../..]
    arg [CMakeFiles/cmTryCompileExec3555437779.dir/CMakeCCompilerABI.c.o] ==> ignore
    arg [-lgcc] ==> lib [gcc]
    arg [--as-needed] ==> ignore
    arg [-lgcc_s] ==> lib [gcc_s]
    arg [--no-as-needed] ==> ignore
    arg [-lc] ==> lib [c]
    arg [-lgcc] ==> lib [gcc]
    arg [--as-needed] ==> ignore
    arg [-lgcc_s] ==> lib [gcc_s]
    arg [--no-as-needed] ==> ignore
    arg [/usr/lib/gcc/x86_64-redhat-linux/4.6.3/crtend.o] ==> ignore
    arg [/usr/lib/gcc/x86_64-redhat-linux/4.6.3/../../../../lib64/crtn.o] ==> ignore
  remove lib [gcc]
  remove lib [gcc_s]
  remove lib [gcc]
  remove lib [gcc_s]
  collapse dir [/usr/lib/gcc/x86_64-redhat-linux/4.6.3] ==> [/usr/lib/gcc/x86_64-redhat-linux/4.6.3]
  collapse dir [/usr/lib/gcc/x86_64-redhat-linux/4.6.3/../../../../lib64] ==> [/usr/lib64]
  collapse dir [/lib/../lib64] ==> [/lib64]
  collapse dir [/usr/lib/../lib64] ==> [/usr/lib64]
  collapse dir [/usr/lib/gcc/x86_64-redhat-linux/4.6.3/../../..] ==> [/usr/lib]
  implicit libs: [c]
  implicit dirs: [/usr/lib/gcc/x86_64-redhat-linux/4.6.3;/usr/lib64;/lib64;/usr/lib]


Determining if the CXX compiler works passed with the following output:
Change Dir: /home/mhadjham/SVFExp/CMakeFiles/CMakeTmp

Run Build Command:/usr/bin/gmake "cmTryCompileExec1108578927/fast"
/usr/bin/gmake -f CMakeFiles/cmTryCompileExec1108578927.dir/build.make CMakeFiles/cmTryCompileExec1108578927.dir/build
gmake[1]: Entering directory `/home/mhadjham/SVFExp/CMakeFiles/CMakeTmp'
/usr/bin/cmake -E cmake_progress_report /home/mhadjham/SVFExp/CMakeFiles/CMakeTmp/CMakeFiles 1
Building CXX object CMakeFiles/cmTryCompileExec1108578927.dir/testCXXCompiler.cxx.o
/usr/bin/c++     -o CMakeFiles/cmTryCompileExec1108578927.dir/testCXXCompiler.cxx.o -c /home/mhadjham/SVFExp/CMakeFiles/CMakeTmp/testCXXCompiler.cxx
Linking CXX executable cmTryCompileExec1108578927
/usr/bin/cmake -E cmake_link_script CMakeFiles/cmTryCompileExec1108578927.dir/link.txt --verbose=1
/usr/bin/c++          CMakeFiles/cmTryCompileExec1108578927.dir/testCXXCompiler.cxx.o  -o cmTryCompileExec1108578927 -rdynamic 
gmake[1]: Leaving directory `/home/mhadjham/SVFExp/CMakeFiles/CMakeTmp'


Detecting CXX compiler ABI info compiled with the following output:
Change Dir: /home/mhadjham/SVFExp/CMakeFiles/CMakeTmp

Run Build Command:/usr/bin/gmake "cmTryCompileExec1779536482/fast"
/usr/bin/gmake -f CMakeFiles/cmTryCompileExec1779536482.dir/build.make CMakeFiles/cmTryCompileExec1779536482.dir/build
gmake[1]: Entering directory `/home/mhadjham/SVFExp/CMakeFiles/CMakeTmp'
/usr/bin/cmake -E cmake_progress_report /home/mhadjham/SVFExp/CMakeFiles/CMakeTmp/CMakeFiles 1
Building CXX object CMakeFiles/cmTryCompileExec1779536482.dir/CMakeCXXCompilerABI.cpp.o
/usr/bin/c++     -o CMakeFiles/cmTryCompileExec1779536482.dir/CMakeCXXCompilerABI.cpp.o -c /usr/share/cmake/Modules/CMakeCXXCompilerABI.cpp
Linking CXX executable cmTryCompileExec1779536482
/usr/bin/cmake -E cmake_link_script CMakeFiles/cmTryCompileExec1779536482.dir/link.txt --verbose=1
/usr/bin/c++        -v CMakeFiles/cmTryCompileExec1779536482.dir/CMakeCXXCompilerABI.cpp.o  -o cmTryCompileExec1779536482 -rdynamic  
Using built-in specs.
COLLECT_GCC=/usr/bin/c++
COLLECT_LTO_WRAPPER=/usr/libexec/gcc/x86_64-redhat-linux/4.6.3/lto-wrapper
Target: x86_64-redhat-linux
Configured with: ../configure --prefix=/usr --mandir=/usr/share/man --infodir=/usr/share/info --with-bugurl=http://bugzilla.redhat.com/bugzilla --enable-bootstrap --enable-shared --enable-threads=posix --enable-checking=release --with-system-zlib --enable-__cxa_atexit --disable-libunwind-exceptions --enable-gnu-unique-object --enable-linker-build-id --enable-languages=c,c++,objc,obj-c++,java,fortran,ada,go,lto --enable-plugin --enable-java-awt=gtk --disable-dssi --with-java-home=/usr/lib/jvm/java-1.5.0-gcj-1.5.0.0/jre --enable-libgcj-multifile --enable-java-maintainer-mode --with-ecj-jar=/usr/share/java/eclipse-ecj.jar --disable-libjava-multilib --with-ppl --with-cloog --with-tune=generic --with-arch_32=i686 --build=x86_64-redhat-linux
Thread model: posix
gcc version 4.6.3 20120306 (Red Hat 4.6.3-2) (GCC) 
COMPILER_PATH=/usr/libexec/gcc/x86_64-redhat-linux/4.6.3/:/usr/libexec/gcc/x86_64-redhat-linux/4.6.3/:/usr/libexec/gcc/x86_64-redhat-linux/:/usr/lib/gcc/x86_64-redhat-linux/4.6.3/:/usr/lib/gcc/x86_64-redhat-linux/
LIBRARY_PATH=/usr/lib/gcc/x86_64-redhat-linux/4.6.3/:/usr/lib/gcc/x86_64-redhat-linux/4.6.3/../../../../lib64/:/lib/../lib64/:/usr/lib/../lib64/:/usr/lib/gcc/x86_64-redhat-linux/4.6.3/../../../:/lib/:/usr/lib/
COLLECT_GCC_OPTIONS='-v' '-o' 'cmTryCompileExec1779536482' '-rdynamic' '-shared-libgcc' '-mtune=generic' '-march=x86-64'
 /usr/libexec/gcc/x86_64-redhat-linux/4.6.3/collect2 --build-id --no-add-needed --eh-frame-hdr -m elf_x86_64 --hash-style=gnu -export-dynamic -dynamic-linker /lib64/ld-linux-x86-64.so.2 -o cmTryCompileExec1779536482 /usr/lib/gcc/x86_64-redhat-linux/4.6.3/../../../../lib64/crt1.o /usr/lib/gcc/x86_64-redhat-linux/4.6.3/../../../../lib64/crti.o /usr/lib/gcc/x86_64-redhat-linux/4.6.3/crtbegin.o -L/usr/lib/gcc/x86_64-redhat-linux/4.6.3 -L/usr/lib/gcc/x86_64-redhat-linux/4.6.3/../../../../lib64 -L/lib/../lib64 -L/usr/lib/../lib64 -L/usr/lib/gcc/x86_64-redhat-linux/4.6.3/../../.. CMakeFiles/cmTryCompileExec1779536482.dir/CMakeCXXCompilerABI.cpp.o -lstdc++ -lm -lgcc_s -lgcc -lc -lgcc_s -lgcc /usr/lib/gcc/x86_64-redhat-linux/4.6.3/crtend.o /usr/lib/gcc/x86_64-redhat-linux/4.6.3/../../../../lib64/crtn.o
gmake[1]: Leaving directory `/home/mhadjham/SVFExp/CMakeFiles/CMakeTmp'


Parsed CXX implicit link information from above output:
  link line regex: [^( *|.*[/\])(ld|ld|collect2)[^/\]*( |$)]
  ignore line: [Change Dir: /home/mhadjham/SVFExp/CMakeFiles/CMakeTmp]
  ignore line: []
  ignore line: [Run Build Command:/usr/bin/gmake "cmTryCompileExec1779536482/fast"]
  ignore line: [/usr/bin/gmake -f CMakeFiles/cmTryCompileExec1779536482.dir/build.make CMakeFiles/cmTryCompileExec1779536482.dir/build]
  ignore line: [gmake[1]: Entering directory `/home/mhadjham/SVFExp/CMakeFiles/CMakeTmp']
  ignore line: [/usr/bin/cmake -E cmake_progress_report /home/mhadjham/SVFExp/CMakeFiles/CMakeTmp/CMakeFiles 1]
  ignore line: [Building CXX object CMakeFiles/cmTryCompileExec1779536482.dir/CMakeCXXCompilerABI.cpp.o]
  ignore line: [/usr/bin/c++     -o CMakeFiles/cmTryCompileExec1779536482.dir/CMakeCXXCompilerABI.cpp.o -c /usr/share/cmake/Modules/CMakeCXXCompilerABI.cpp]
  ignore line: [Linking CXX executable cmTryCompileExec1779536482]
  ignore line: [/usr/bin/cmake -E cmake_link_script CMakeFiles/cmTryCompileExec1779536482.dir/link.txt --verbose=1]
  ignore line: [/usr/bin/c++        -v CMakeFiles/cmTryCompileExec1779536482.dir/CMakeCXXCompilerABI.cpp.o  -o cmTryCompileExec1779536482 -rdynamic  ]
  ignore line: [Using built-in specs.]
  ignore line: [COLLECT_GCC=/usr/bin/c++]
  ignore line: [COLLECT_LTO_WRAPPER=/usr/libexec/gcc/x86_64-redhat-linux/4.6.3/lto-wrapper]
  ignore line: [Target: x86_64-redhat-linux]
  ignore line: [Configured with: ../configure --prefix=/usr --mandir=/usr/share/man --infodir=/usr/share/info --with-bugurl=http://bugzilla.redhat.com/bugzilla --enable-bootstrap --enable-shared --enable-threads=posix --enable-checking=release --with-system-zlib --enable-__cxa_atexit --disable-libunwind-exceptions --enable-gnu-unique-object --enable-linker-build-id --enable-languages=c,c++,objc,obj-c++,java,fortran,ada,go,lto --enable-plugin --enable-java-awt=gtk --disable-dssi --with-java-home=/usr/lib/jvm/java-1.5.0-gcj-1.5.0.0/jre --enable-libgcj-multifile --enable-java-maintainer-mode --with-ecj-jar=/usr/share/java/eclipse-ecj.jar --disable-libjava-multilib --with-ppl --with-cloog --with-tune=generic --with-arch_32=i686 --build=x86_64-redhat-linux]
  ignore line: [Thread model: posix]
  ignore line: [gcc version 4.6.3 20120306 (Red Hat 4.6.3-2) (GCC) ]
  ignore line: [COMPILER_PATH=/usr/libexec/gcc/x86_64-redhat-linux/4.6.3/:/usr/libexec/gcc/x86_64-redhat-linux/4.6.3/:/usr/libexec/gcc/x86_64-redhat-linux/:/usr/lib/gcc/x86_64-redhat-linux/4.6.3/:/usr/lib/gcc/x86_64-redhat-linux/]
  ignore line: [LIBRARY_PATH=/usr/lib/gcc/x86_64-redhat-linux/4.6.3/:/usr/lib/gcc/x86_64-redhat-linux/4.6.3/../../../../lib64/:/lib/../lib64/:/usr/lib/../lib64/:/usr/lib/gcc/x86_64-redhat-linux/4.6.3/../../../:/lib/:/usr/lib/]
  ignore line: [COLLECT_GCC_OPTIONS='-v' '-o' 'cmTryCompileExec1779536482' '-rdynamic' '-shared-libgcc' '-mtune=generic' '-march=x86-64']
  link line: [ /usr/libexec/gcc/x86_64-redhat-linux/4.6.3/collect2 --build-id --no-add-needed --eh-frame-hdr -m elf_x86_64 --hash-style=gnu -export-dynamic -dynamic-linker /lib64/ld-linux-x86-64.so.2 -o cmTryCompileExec1779536482 /usr/lib/gcc/x86_64-redhat-linux/4.6.3/../../../../lib64/crt1.o /usr/lib/gcc/x86_64-redhat-linux/4.6.3/../../../../lib64/crti.o /usr/lib/gcc/x86_64-redhat-linux/4.6.3/crtbegin.o -L/usr/lib/gcc/x86_64-redhat-linux/4.6.3 -L/usr/lib/gcc/x86_64-redhat-linux/4.6.3/../../../../lib64 -L/lib/../lib64 -L/usr/lib/../lib64 -L/usr/lib/gcc/x86_64-redhat-linux/4.6.3/../../.. CMakeFiles/cmTryCompileExec1779536482.dir/CMakeCXXCompilerABI.cpp.o -lstdc++ -lm -lgcc_s -lgcc -lc -lgcc_s -lgcc /usr/lib/gcc/x86_64-redhat-linux/4.6.3/crtend.o /usr/lib/gcc/x86_64-redhat-linux/4.6.3/../../../../lib64/crtn.o]
    arg [/usr/libexec/gcc/x86_64-redhat-linux/4.6.3/collect2] ==> ignore
    arg [--build-id] ==> ignore
    arg [--no-add-needed] ==> ignore
    arg [--eh-frame-hdr] ==> ignore
    arg [-m] ==> ignore
    arg [elf_x86_64] ==> ignore
    arg [--hash-style=gnu] ==> ignore
    arg [-export-dynamic] ==> ignore
    arg [-dynamic-linker] ==> ignore
    arg [/lib64/ld-linux-x86-64.so.2] ==> ignore
    arg [-o] ==> ignore
    arg [cmTryCompileExec1779536482] ==> ignore
    arg [/usr/lib/gcc/x86_64-redhat-linux/4.6.3/../../../../lib64/crt1.o] ==> ignore
    arg [/usr/lib/gcc/x86_64-redhat-linux/4.6.3/../../../../lib64/crti.o] ==> ignore
    arg [/usr/lib/gcc/x86_64-redhat-linux/4.6.3/crtbegin.o] ==> ignore
    arg [-L/usr/lib/gcc/x86_64-redhat-linux/4.6.3] ==> dir [/usr/lib/gcc/x86_64-redhat-linux/4.6.3]
    arg [-L/usr/lib/gcc/x86_64-redhat-linux/4.6.3/../../../../lib64] ==> dir [/usr/lib/gcc/x86_64-redhat-linux/4.6.3/../../../../lib64]
    arg [-L/lib/../lib64] ==> dir [/lib/../lib64]
    arg [-L/usr/lib/../lib64] ==> dir [/usr/lib/../lib64]
    arg [-L/usr/lib/gcc/x86_64-redhat-linux/4.6.3/../../..] ==> dir [/usr/lib/gcc/x86_64-redhat-linux/4.6.3/../../..]
    arg [CMakeFiles/cmTryCompileExec1779536482.dir/CMakeCXXCompilerABI.cpp.o] ==> ignore
    arg [-lstdc++] ==> lib [stdc++]
    arg [-lm] ==> lib [m]
    arg [-lgcc_s] ==> lib [gcc_s]
    arg [-lgcc] ==> lib [gcc]
    arg [-lc] ==> lib [c]
    arg [-lgcc_s] ==> lib [gcc_s]
    arg [-lgcc] ==> lib [gcc]
    arg [/usr/lib/gcc/x86_64-redhat-linux/4.6.3/crtend.o] ==> ignore
    arg [/usr/lib/gcc/x86_64-redhat-linux/4.6.3/../../../../lib64/crtn.o] ==> ignore
  remove lib [gcc_s]
  remove lib [gcc]
  remove lib [gcc_s]
  remove lib [gcc]
  collapse dir [/usr/lib/gcc/x86_64-redhat-linux/4.6.3] ==> [/usr/lib/gcc/x86_64-redhat-linux/4.6.3]
  collapse dir [/usr/lib/gcc/x86_64-redhat-linux/4.6.3/../../../../lib64] ==> [/usr/lib64]
  collapse dir [/lib/../lib64] ==> [/lib64]
  collapse dir [/usr/lib/../lib64] ==> [/usr/lib64]
  collapse dir [/usr/lib/gcc/x86_64-redhat-linux/4.6.3/../../..] ==> [/usr/lib]
  implicit libs: [stdc++;m;c]
  implicit dirs: [/usr/lib/gcc/x86_64-redhat-linux/4.6.3;/usr/lib64;/lib64;/usr/lib]


